<?xml version="1.0" encoding="UTF-8"?>
<testsuite name="TwelveDaysTest" tests="1" skipped="0" failures="0" errors="0" timestamp="2022-02-12T15:35:26" hostname="MATHEAS" time="0.002">
  <properties/>
  <testcase name="testVerseOne" classname="TwelveDaysTest" time="0.002"/>
  <system-out><![CDATA[]]></system-out>
  <system-err><![CDATA[]]></system-err>
</testsuite>
